Resuming from checkpoint...
============================================================
Vanilla TSM Training on Something-Something V2
============================================================
Data directory: database
Frames per video: 16
Batch size: 32
Learning rate: 0.01
LR schedule: step decay at epochs [20, 40]
Epochs: 50
AMP: True
Gradient clipping: 20.0
============================================================

Loading datasets...
Training samples: 168913
Validation samples: 24777

Creating model...
============================================================
DETECTED: CUDA (NVIDIA GPU)
  GPU: NVIDIA H200
  Available GPUs: 1
============================================================
Model parameters: 23,864,558

Resuming from checkpoints/vanilla_tsm/latest.pth
Resuming from epoch 45

Starting training...
Training on cuda
Training samples: 168913
Validation samples: 24777
Epochs: 50
--------------------------------------------------

Epoch [46/50] LR: 0.000100
  Batch [100/5278] Loss: 0.0292 Acc@1: 99.88% Acc@5: 100.00% Time: 51.5s
  Batch [200/5278] Loss: 0.0290 Acc@1: 99.83% Acc@5: 100.00% Time: 97.2s
  Batch [300/5278] Loss: 0.0289 Acc@1: 99.85% Acc@5: 100.00% Time: 144.0s
  Batch [400/5278] Loss: 0.0286 Acc@1: 99.87% Acc@5: 100.00% Time: 188.8s
  Batch [500/5278] Loss: 0.0287 Acc@1: 99.87% Acc@5: 100.00% Time: 236.0s
  Batch [600/5278] Loss: 0.0291 Acc@1: 99.85% Acc@5: 100.00% Time: 281.5s
  Batch [700/5278] Loss: 0.0291 Acc@1: 99.85% Acc@5: 100.00% Time: 328.1s
  Batch [800/5278] Loss: 0.0291 Acc@1: 99.86% Acc@5: 100.00% Time: 373.8s
  Batch [900/5278] Loss: 0.0290 Acc@1: 99.86% Acc@5: 100.00% Time: 421.0s
  Batch [1000/5278] Loss: 0.0293 Acc@1: 99.85% Acc@5: 100.00% Time: 465.8s
  Batch [1100/5278] Loss: 0.0291 Acc@1: 99.86% Acc@5: 100.00% Time: 513.7s
  Batch [1200/5278] Loss: 0.0291 Acc@1: 99.86% Acc@5: 100.00% Time: 558.3s
  Batch [1300/5278] Loss: 0.0290 Acc@1: 99.86% Acc@5: 100.00% Time: 605.5s
  Batch [1400/5278] Loss: 0.0290 Acc@1: 99.86% Acc@5: 100.00% Time: 651.0s
  Batch [1500/5278] Loss: 0.0291 Acc@1: 99.86% Acc@5: 100.00% Time: 698.6s
  Batch [1600/5278] Loss: 0.0292 Acc@1: 99.85% Acc@5: 100.00% Time: 744.4s
  Batch [1700/5278] Loss: 0.0293 Acc@1: 99.85% Acc@5: 100.00% Time: 792.0s
  Batch [1800/5278] Loss: 0.0292 Acc@1: 99.86% Acc@5: 100.00% Time: 837.8s
  Batch [1900/5278] Loss: 0.0294 Acc@1: 99.85% Acc@5: 100.00% Time: 885.5s
  Batch [2000/5278] Loss: 0.0293 Acc@1: 99.86% Acc@5: 100.00% Time: 931.3s
  Batch [2100/5278] Loss: 0.0292 Acc@1: 99.86% Acc@5: 100.00% Time: 979.3s
  Batch [2200/5278] Loss: 0.0292 Acc@1: 99.86% Acc@5: 100.00% Time: 1025.2s
  Batch [2300/5278] Loss: 0.0292 Acc@1: 99.86% Acc@5: 100.00% Time: 1072.6s
  Batch [2400/5278] Loss: 0.0291 Acc@1: 99.86% Acc@5: 100.00% Time: 1118.1s
  Batch [2500/5278] Loss: 0.0292 Acc@1: 99.86% Acc@5: 100.00% Time: 1165.0s
  Batch [2600/5278] Loss: 0.0292 Acc@1: 99.86% Acc@5: 100.00% Time: 1211.2s
  Batch [2700/5278] Loss: 0.0292 Acc@1: 99.86% Acc@5: 100.00% Time: 1258.5s
  Batch [2800/5278] Loss: 0.0291 Acc@1: 99.87% Acc@5: 100.00% Time: 1305.5s
  Batch [2900/5278] Loss: 0.0291 Acc@1: 99.87% Acc@5: 100.00% Time: 1351.1s
  Batch [3000/5278] Loss: 0.0291 Acc@1: 99.87% Acc@5: 100.00% Time: 1398.8s
  Batch [3100/5278] Loss: 0.0291 Acc@1: 99.87% Acc@5: 100.00% Time: 1444.8s
  Batch [3200/5278] Loss: 0.0291 Acc@1: 99.87% Acc@5: 100.00% Time: 1492.3s
  Batch [3300/5278] Loss: 0.0291 Acc@1: 99.87% Acc@5: 100.00% Time: 1538.1s
  Batch [3400/5278] Loss: 0.0291 Acc@1: 99.87% Acc@5: 100.00% Time: 1585.4s
  Batch [3500/5278] Loss: 0.0290 Acc@1: 99.87% Acc@5: 100.00% Time: 1631.5s
  Batch [3600/5278] Loss: 0.0290 Acc@1: 99.87% Acc@5: 100.00% Time: 1679.4s
  Batch [3700/5278] Loss: 0.0290 Acc@1: 99.88% Acc@5: 100.00% Time: 1725.3s
  Batch [3800/5278] Loss: 0.0290 Acc@1: 99.87% Acc@5: 100.00% Time: 1772.9s
  Batch [3900/5278] Loss: 0.0291 Acc@1: 99.87% Acc@5: 100.00% Time: 1818.6s
  Batch [4000/5278] Loss: 0.0291 Acc@1: 99.87% Acc@5: 100.00% Time: 1865.6s
  Batch [4100/5278] Loss: 0.0291 Acc@1: 99.87% Acc@5: 100.00% Time: 1911.9s
  Batch [4200/5278] Loss: 0.0291 Acc@1: 99.87% Acc@5: 100.00% Time: 1959.7s
  Batch [4300/5278] Loss: 0.0291 Acc@1: 99.87% Acc@5: 100.00% Time: 2006.2s
  Batch [4400/5278] Loss: 0.0291 Acc@1: 99.87% Acc@5: 100.00% Time: 2053.7s
  Batch [4500/5278] Loss: 0.0290 Acc@1: 99.87% Acc@5: 100.00% Time: 2099.1s
  Batch [4600/5278] Loss: 0.0290 Acc@1: 99.87% Acc@5: 100.00% Time: 2146.9s
  Batch [4700/5278] Loss: 0.0291 Acc@1: 99.87% Acc@5: 100.00% Time: 2192.9s
  Batch [4800/5278] Loss: 0.0291 Acc@1: 99.87% Acc@5: 100.00% Time: 2240.7s
  Batch [4900/5278] Loss: 0.0291 Acc@1: 99.87% Acc@5: 100.00% Time: 2286.5s
  Batch [5000/5278] Loss: 0.0292 Acc@1: 99.87% Acc@5: 100.00% Time: 2333.9s
  Batch [5100/5278] Loss: 0.0292 Acc@1: 99.87% Acc@5: 100.00% Time: 2379.7s
  Batch [5200/5278] Loss: 0.0292 Acc@1: 99.87% Acc@5: 100.00% Time: 2427.1s
  Train - Loss: 0.0293 Acc@1: 99.87% Acc@5: 100.00%
  Val   - Loss: 2.0297 Acc@1: 54.41% Acc@5: 81.47%

Epoch [47/50] LR: 0.000100
  Batch [100/5278] Loss: 0.0270 Acc@1: 99.88% Acc@5: 100.00% Time: 50.2s
  Batch [200/5278] Loss: 0.0278 Acc@1: 99.89% Acc@5: 100.00% Time: 96.7s
  Batch [300/5278] Loss: 0.0276 Acc@1: 99.89% Acc@5: 100.00% Time: 145.0s
  Batch [400/5278] Loss: 0.0270 Acc@1: 99.90% Acc@5: 100.00% Time: 191.1s
  Batch [500/5278] Loss: 0.0274 Acc@1: 99.89% Acc@5: 100.00% Time: 238.6s
  Batch [600/5278] Loss: 0.0269 Acc@1: 99.89% Acc@5: 100.00% Time: 284.0s
  Batch [700/5278] Loss: 0.0271 Acc@1: 99.88% Acc@5: 100.00% Time: 330.7s
  Batch [800/5278] Loss: 0.0272 Acc@1: 99.88% Acc@5: 100.00% Time: 378.0s
  Batch [900/5278] Loss: 0.0273 Acc@1: 99.87% Acc@5: 100.00% Time: 423.8s
  Batch [1000/5278] Loss: 0.0272 Acc@1: 99.87% Acc@5: 100.00% Time: 471.9s
  Batch [1100/5278] Loss: 0.0271 Acc@1: 99.88% Acc@5: 100.00% Time: 518.4s
  Batch [1200/5278] Loss: 0.0273 Acc@1: 99.88% Acc@5: 100.00% Time: 565.7s
  Batch [1300/5278] Loss: 0.0273 Acc@1: 99.88% Acc@5: 100.00% Time: 611.8s
  Batch [1400/5278] Loss: 0.0274 Acc@1: 99.88% Acc@5: 100.00% Time: 660.0s
  Batch [1500/5278] Loss: 0.0273 Acc@1: 99.87% Acc@5: 100.00% Time: 706.2s
  Batch [1600/5278] Loss: 0.0273 Acc@1: 99.88% Acc@5: 100.00% Time: 753.5s
  Batch [1700/5278] Loss: 0.0275 Acc@1: 99.87% Acc@5: 100.00% Time: 799.2s
  Batch [1800/5278] Loss: 0.0275 Acc@1: 99.88% Acc@5: 100.00% Time: 847.0s
  Batch [1900/5278] Loss: 0.0275 Acc@1: 99.88% Acc@5: 100.00% Time: 892.5s
  Batch [2000/5278] Loss: 0.0275 Acc@1: 99.88% Acc@5: 100.00% Time: 940.6s
  Batch [2100/5278] Loss: 0.0275 Acc@1: 99.88% Acc@5: 100.00% Time: 987.0s
  Batch [2200/5278] Loss: 0.0275 Acc@1: 99.88% Acc@5: 100.00% Time: 1034.6s
  Batch [2300/5278] Loss: 0.0275 Acc@1: 99.88% Acc@5: 100.00% Time: 1080.9s
  Batch [2400/5278] Loss: 0.0275 Acc@1: 99.88% Acc@5: 100.00% Time: 1128.5s
  Batch [2500/5278] Loss: 0.0273 Acc@1: 99.88% Acc@5: 100.00% Time: 1174.2s
  Batch [2600/5278] Loss: 0.0273 Acc@1: 99.88% Acc@5: 100.00% Time: 1222.0s
  Batch [2700/5278] Loss: 0.0274 Acc@1: 99.88% Acc@5: 100.00% Time: 1267.7s
  Batch [2800/5278] Loss: 0.0274 Acc@1: 99.89% Acc@5: 100.00% Time: 1315.0s
  Batch [2900/5278] Loss: 0.0274 Acc@1: 99.88% Acc@5: 100.00% Time: 1360.1s
  Batch [3000/5278] Loss: 0.0273 Acc@1: 99.89% Acc@5: 100.00% Time: 1408.3s
  Batch [3100/5278] Loss: 0.0274 Acc@1: 99.89% Acc@5: 100.00% Time: 1454.7s
  Batch [3200/5278] Loss: 0.0274 Acc@1: 99.88% Acc@5: 100.00% Time: 1501.5s
  Batch [3300/5278] Loss: 0.0275 Acc@1: 99.88% Acc@5: 100.00% Time: 1549.1s
  Batch [3400/5278] Loss: 0.0275 Acc@1: 99.88% Acc@5: 100.00% Time: 1594.8s
  Batch [3500/5278] Loss: 0.0276 Acc@1: 99.88% Acc@5: 100.00% Time: 1641.6s
  Batch [3600/5278] Loss: 0.0275 Acc@1: 99.88% Acc@5: 100.00% Time: 1688.9s
  Batch [3700/5278] Loss: 0.0275 Acc@1: 99.88% Acc@5: 100.00% Time: 1734.8s
  Batch [3800/5278] Loss: 0.0275 Acc@1: 99.88% Acc@5: 100.00% Time: 1782.3s
  Batch [3900/5278] Loss: 0.0275 Acc@1: 99.88% Acc@5: 100.00% Time: 1828.6s
  Batch [4000/5278] Loss: 0.0275 Acc@1: 99.88% Acc@5: 100.00% Time: 1876.3s
  Batch [4100/5278] Loss: 0.0276 Acc@1: 99.88% Acc@5: 100.00% Time: 1922.6s
  Batch [4200/5278] Loss: 0.0277 Acc@1: 99.88% Acc@5: 100.00% Time: 1970.5s
  Batch [4300/5278] Loss: 0.0276 Acc@1: 99.88% Acc@5: 100.00% Time: 2016.3s
  Batch [4400/5278] Loss: 0.0276 Acc@1: 99.88% Acc@5: 100.00% Time: 2063.8s
  Batch [4500/5278] Loss: 0.0276 Acc@1: 99.88% Acc@5: 100.00% Time: 2109.4s
  Batch [4600/5278] Loss: 0.0277 Acc@1: 99.88% Acc@5: 100.00% Time: 2156.9s
  Batch [4700/5278] Loss: 0.0277 Acc@1: 99.88% Acc@5: 100.00% Time: 2202.7s
  Batch [4800/5278] Loss: 0.0277 Acc@1: 99.88% Acc@5: 100.00% Time: 2250.3s
  Batch [4900/5278] Loss: 0.0277 Acc@1: 99.88% Acc@5: 100.00% Time: 2296.5s
  Batch [5000/5278] Loss: 0.0277 Acc@1: 99.88% Acc@5: 100.00% Time: 2343.9s
  Batch [5100/5278] Loss: 0.0277 Acc@1: 99.88% Acc@5: 100.00% Time: 2389.2s
  Batch [5200/5278] Loss: 0.0276 Acc@1: 99.88% Acc@5: 100.00% Time: 2436.6s
  Train - Loss: 0.0276 Acc@1: 99.88% Acc@5: 100.00%
  Val   - Loss: 2.0203 Acc@1: 54.43% Acc@5: 81.39%

Epoch [48/50] LR: 0.000100
  Batch [100/5278] Loss: 0.0276 Acc@1: 99.78% Acc@5: 100.00% Time: 49.9s
  Batch [200/5278] Loss: 0.0265 Acc@1: 99.81% Acc@5: 100.00% Time: 95.8s
  Batch [300/5278] Loss: 0.0278 Acc@1: 99.85% Acc@5: 100.00% Time: 143.9s
  Batch [400/5278] Loss: 0.0269 Acc@1: 99.88% Acc@5: 100.00% Time: 189.9s
  Batch [500/5278] Loss: 0.0267 Acc@1: 99.88% Acc@5: 100.00% Time: 237.5s
  Batch [600/5278] Loss: 0.0268 Acc@1: 99.87% Acc@5: 100.00% Time: 282.7s
  Batch [700/5278] Loss: 0.0269 Acc@1: 99.88% Acc@5: 100.00% Time: 330.2s
  Batch [800/5278] Loss: 0.0268 Acc@1: 99.88% Acc@5: 100.00% Time: 376.3s
  Batch [900/5278] Loss: 0.0264 Acc@1: 99.89% Acc@5: 100.00% Time: 423.0s
  Batch [1000/5278] Loss: 0.0262 Acc@1: 99.89% Acc@5: 100.00% Time: 469.0s
  Batch [1100/5278] Loss: 0.0263 Acc@1: 99.89% Acc@5: 100.00% Time: 515.1s
  Batch [1200/5278] Loss: 0.0262 Acc@1: 99.89% Acc@5: 100.00% Time: 562.7s
  Batch [1300/5278] Loss: 0.0262 Acc@1: 99.89% Acc@5: 100.00% Time: 608.1s
  Batch [1400/5278] Loss: 0.0263 Acc@1: 99.89% Acc@5: 100.00% Time: 655.0s
  Batch [1500/5278] Loss: 0.0263 Acc@1: 99.89% Acc@5: 100.00% Time: 702.5s
  Batch [1600/5278] Loss: 0.0265 Acc@1: 99.89% Acc@5: 100.00% Time: 748.1s
  Batch [1700/5278] Loss: 0.0265 Acc@1: 99.89% Acc@5: 100.00% Time: 795.2s
  Batch [1800/5278] Loss: 0.0265 Acc@1: 99.89% Acc@5: 100.00% Time: 841.1s
  Batch [1900/5278] Loss: 0.0265 Acc@1: 99.90% Acc@5: 100.00% Time: 888.1s
  Batch [2000/5278] Loss: 0.0265 Acc@1: 99.90% Acc@5: 100.00% Time: 934.1s
  Batch [2100/5278] Loss: 0.0265 Acc@1: 99.90% Acc@5: 100.00% Time: 981.7s
  Batch [2200/5278] Loss: 0.0266 Acc@1: 99.89% Acc@5: 100.00% Time: 1027.0s
  Batch [2300/5278] Loss: 0.0266 Acc@1: 99.89% Acc@5: 100.00% Time: 1074.6s
  Batch [2400/5278] Loss: 0.0265 Acc@1: 99.89% Acc@5: 100.00% Time: 1120.5s
  Batch [2500/5278] Loss: 0.0266 Acc@1: 99.89% Acc@5: 100.00% Time: 1167.9s
  Batch [2600/5278] Loss: 0.0266 Acc@1: 99.89% Acc@5: 100.00% Time: 1213.6s
  Batch [2700/5278] Loss: 0.0267 Acc@1: 99.89% Acc@5: 100.00% Time: 1261.5s
  Batch [2800/5278] Loss: 0.0266 Acc@1: 99.90% Acc@5: 100.00% Time: 1307.3s
  Batch [2900/5278] Loss: 0.0267 Acc@1: 99.89% Acc@5: 100.00% Time: 1354.8s
  Batch [3000/5278] Loss: 0.0267 Acc@1: 99.89% Acc@5: 100.00% Time: 1400.6s
  Batch [3100/5278] Loss: 0.0267 Acc@1: 99.89% Acc@5: 100.00% Time: 1447.9s
  Batch [3200/5278] Loss: 0.0268 Acc@1: 99.89% Acc@5: 100.00% Time: 1493.4s
  Batch [3300/5278] Loss: 0.0267 Acc@1: 99.89% Acc@5: 100.00% Time: 1540.8s
  Batch [3400/5278] Loss: 0.0267 Acc@1: 99.89% Acc@5: 100.00% Time: 1587.3s
  Batch [3500/5278] Loss: 0.0268 Acc@1: 99.89% Acc@5: 100.00% Time: 1633.3s
  Batch [3600/5278] Loss: 0.0268 Acc@1: 99.89% Acc@5: 100.00% Time: 1680.9s
  Batch [3700/5278] Loss: 0.0267 Acc@1: 99.89% Acc@5: 100.00% Time: 1726.8s
  Batch [3800/5278] Loss: 0.0267 Acc@1: 99.89% Acc@5: 100.00% Time: 1774.3s
  Batch [3900/5278] Loss: 0.0267 Acc@1: 99.89% Acc@5: 100.00% Time: 1820.2s
  Batch [4000/5278] Loss: 0.0267 Acc@1: 99.89% Acc@5: 100.00% Time: 1867.9s
  Batch [4100/5278] Loss: 0.0267 Acc@1: 99.89% Acc@5: 100.00% Time: 1913.7s
  Batch [4200/5278] Loss: 0.0267 Acc@1: 99.89% Acc@5: 100.00% Time: 1961.1s
  Batch [4300/5278] Loss: 0.0266 Acc@1: 99.89% Acc@5: 100.00% Time: 2006.2s
  Batch [4400/5278] Loss: 0.0266 Acc@1: 99.89% Acc@5: 100.00% Time: 2053.6s
  Batch [4500/5278] Loss: 0.0267 Acc@1: 99.89% Acc@5: 100.00% Time: 2099.0s
  Batch [4600/5278] Loss: 0.0266 Acc@1: 99.89% Acc@5: 100.00% Time: 2146.6s
  Batch [4700/5278] Loss: 0.0267 Acc@1: 99.89% Acc@5: 100.00% Time: 2192.5s
  Batch [4800/5278] Loss: 0.0267 Acc@1: 99.89% Acc@5: 100.00% Time: 2240.3s
  Batch [4900/5278] Loss: 0.0267 Acc@1: 99.89% Acc@5: 100.00% Time: 2286.6s
  Batch [5000/5278] Loss: 0.0268 Acc@1: 99.88% Acc@5: 100.00% Time: 2334.0s
  Batch [5100/5278] Loss: 0.0268 Acc@1: 99.89% Acc@5: 100.00% Time: 2379.7s
  Batch [5200/5278] Loss: 0.0268 Acc@1: 99.89% Acc@5: 100.00% Time: 2426.7s
  Train - Loss: 0.0268 Acc@1: 99.89% Acc@5: 100.00%
  Val   - Loss: 2.0112 Acc@1: 54.41% Acc@5: 81.51%

Epoch [49/50] LR: 0.000100
  Batch [100/5278] Loss: 0.0290 Acc@1: 99.84% Acc@5: 100.00% Time: 50.5s
  Batch [200/5278] Loss: 0.0275 Acc@1: 99.88% Acc@5: 100.00% Time: 95.9s
  Batch [300/5278] Loss: 0.0272 Acc@1: 99.88% Acc@5: 100.00% Time: 143.2s
  Batch [400/5278] Loss: 0.0268 Acc@1: 99.88% Acc@5: 100.00% Time: 189.8s
  Batch [500/5278] Loss: 0.0268 Acc@1: 99.88% Acc@5: 100.00% Time: 237.4s
  Batch [600/5278] Loss: 0.0271 Acc@1: 99.88% Acc@5: 100.00% Time: 283.2s
  Batch [700/5278] Loss: 0.0268 Acc@1: 99.88% Acc@5: 100.00% Time: 330.7s
  Batch [800/5278] Loss: 0.0267 Acc@1: 99.89% Acc@5: 100.00% Time: 376.2s
  Batch [900/5278] Loss: 0.0268 Acc@1: 99.89% Acc@5: 100.00% Time: 423.8s
  Batch [1000/5278] Loss: 0.0267 Acc@1: 99.89% Acc@5: 100.00% Time: 470.1s
  Batch [1100/5278] Loss: 0.0265 Acc@1: 99.89% Acc@5: 100.00% Time: 517.2s
  Batch [1200/5278] Loss: 0.0265 Acc@1: 99.89% Acc@5: 100.00% Time: 562.7s
  Batch [1300/5278] Loss: 0.0266 Acc@1: 99.89% Acc@5: 100.00% Time: 610.1s
  Batch [1400/5278] Loss: 0.0265 Acc@1: 99.90% Acc@5: 100.00% Time: 656.4s
  Batch [1500/5278] Loss: 0.0265 Acc@1: 99.89% Acc@5: 100.00% Time: 703.5s
  Batch [1600/5278] Loss: 0.0264 Acc@1: 99.89% Acc@5: 100.00% Time: 751.2s
  Batch [1700/5278] Loss: 0.0265 Acc@1: 99.89% Acc@5: 100.00% Time: 796.1s
  Batch [1800/5278] Loss: 0.0264 Acc@1: 99.89% Acc@5: 100.00% Time: 843.7s
  Batch [1900/5278] Loss: 0.0262 Acc@1: 99.89% Acc@5: 100.00% Time: 890.1s
  Batch [2000/5278] Loss: 0.0261 Acc@1: 99.90% Acc@5: 100.00% Time: 937.9s
  Batch [2100/5278] Loss: 0.0260 Acc@1: 99.90% Acc@5: 100.00% Time: 983.5s
  Batch [2200/5278] Loss: 0.0260 Acc@1: 99.90% Acc@5: 100.00% Time: 1030.1s
  Batch [2300/5278] Loss: 0.0260 Acc@1: 99.90% Acc@5: 100.00% Time: 1077.3s
  Batch [2400/5278] Loss: 0.0260 Acc@1: 99.90% Acc@5: 100.00% Time: 1122.9s
  Batch [2500/5278] Loss: 0.0260 Acc@1: 99.90% Acc@5: 100.00% Time: 1171.0s
  Batch [2600/5278] Loss: 0.0259 Acc@1: 99.90% Acc@5: 100.00% Time: 1217.0s
  Batch [2700/5278] Loss: 0.0259 Acc@1: 99.90% Acc@5: 100.00% Time: 1265.4s
  Batch [2800/5278] Loss: 0.0260 Acc@1: 99.90% Acc@5: 100.00% Time: 1311.4s
  Batch [2900/5278] Loss: 0.0260 Acc@1: 99.90% Acc@5: 100.00% Time: 1358.8s
  Batch [3000/5278] Loss: 0.0260 Acc@1: 99.90% Acc@5: 100.00% Time: 1403.5s
  Batch [3100/5278] Loss: 0.0260 Acc@1: 99.90% Acc@5: 100.00% Time: 1444.0s
  Batch [3200/5278] Loss: 0.0261 Acc@1: 99.90% Acc@5: 100.00% Time: 1482.9s
  Batch [3300/5278] Loss: 0.0260 Acc@1: 99.89% Acc@5: 100.00% Time: 1521.6s
  Batch [3400/5278] Loss: 0.0261 Acc@1: 99.89% Acc@5: 100.00% Time: 1559.5s
  Batch [3500/5278] Loss: 0.0262 Acc@1: 99.89% Acc@5: 100.00% Time: 1599.0s
  Batch [3600/5278] Loss: 0.0261 Acc@1: 99.89% Acc@5: 100.00% Time: 1639.5s
  Batch [3700/5278] Loss: 0.0262 Acc@1: 99.89% Acc@5: 100.00% Time: 1680.7s
  Batch [3800/5278] Loss: 0.0262 Acc@1: 99.89% Acc@5: 100.00% Time: 1719.8s
  Batch [3900/5278] Loss: 0.0262 Acc@1: 99.89% Acc@5: 100.00% Time: 1759.5s
  Batch [4000/5278] Loss: 0.0262 Acc@1: 99.89% Acc@5: 100.00% Time: 1798.2s
  Batch [4100/5278] Loss: 0.0261 Acc@1: 99.89% Acc@5: 100.00% Time: 1838.4s
  Batch [4200/5278] Loss: 0.0261 Acc@1: 99.89% Acc@5: 100.00% Time: 1877.1s
  Batch [4300/5278] Loss: 0.0261 Acc@1: 99.90% Acc@5: 100.00% Time: 1917.1s
  Batch [4400/5278] Loss: 0.0260 Acc@1: 99.89% Acc@5: 100.00% Time: 1955.3s
  Batch [4500/5278] Loss: 0.0261 Acc@1: 99.89% Acc@5: 100.00% Time: 1994.9s
  Batch [4600/5278] Loss: 0.0260 Acc@1: 99.89% Acc@5: 100.00% Time: 2034.0s
  Batch [4700/5278] Loss: 0.0260 Acc@1: 99.89% Acc@5: 100.00% Time: 2073.5s
  Batch [4800/5278] Loss: 0.0260 Acc@1: 99.89% Acc@5: 100.00% Time: 2111.9s
  Batch [4900/5278] Loss: 0.0260 Acc@1: 99.89% Acc@5: 100.00% Time: 2151.4s
  Batch [5000/5278] Loss: 0.0260 Acc@1: 99.89% Acc@5: 100.00% Time: 2189.8s
  Batch [5100/5278] Loss: 0.0260 Acc@1: 99.89% Acc@5: 100.00% Time: 2229.7s
  Batch [5200/5278] Loss: 0.0259 Acc@1: 99.89% Acc@5: 100.00% Time: 2267.3s
  Train - Loss: 0.0259 Acc@1: 99.89% Acc@5: 100.00%
  Val   - Loss: 2.0399 Acc@1: 54.37% Acc@5: 81.30%

Epoch [50/50] LR: 0.000100
  Batch [100/5278] Loss: 0.0230 Acc@1: 99.97% Acc@5: 100.00% Time: 41.7s
  Batch [200/5278] Loss: 0.0260 Acc@1: 99.83% Acc@5: 100.00% Time: 80.1s
  Batch [300/5278] Loss: 0.0260 Acc@1: 99.83% Acc@5: 100.00% Time: 120.2s
  Batch [400/5278] Loss: 0.0260 Acc@1: 99.84% Acc@5: 100.00% Time: 158.6s
  Batch [500/5278] Loss: 0.0255 Acc@1: 99.87% Acc@5: 100.00% Time: 198.1s
  Batch [600/5278] Loss: 0.0259 Acc@1: 99.86% Acc@5: 100.00% Time: 236.4s
  Batch [700/5278] Loss: 0.0259 Acc@1: 99.87% Acc@5: 100.00% Time: 275.7s
  Batch [800/5278] Loss: 0.0258 Acc@1: 99.87% Acc@5: 100.00% Time: 314.1s
  Batch [900/5278] Loss: 0.0257 Acc@1: 99.88% Acc@5: 100.00% Time: 353.7s
  Batch [1000/5278] Loss: 0.0256 Acc@1: 99.88% Acc@5: 100.00% Time: 391.5s
  Batch [1100/5278] Loss: 0.0255 Acc@1: 99.89% Acc@5: 100.00% Time: 430.8s
  Batch [1200/5278] Loss: 0.0256 Acc@1: 99.89% Acc@5: 100.00% Time: 469.8s
  Batch [1300/5278] Loss: 0.0254 Acc@1: 99.89% Acc@5: 100.00% Time: 509.6s
  Batch [1400/5278] Loss: 0.0256 Acc@1: 99.89% Acc@5: 100.00% Time: 548.4s
  Batch [1500/5278] Loss: 0.0256 Acc@1: 99.90% Acc@5: 100.00% Time: 588.1s
  Batch [1600/5278] Loss: 0.0256 Acc@1: 99.89% Acc@5: 100.00% Time: 626.1s
  Batch [1700/5278] Loss: 0.0256 Acc@1: 99.90% Acc@5: 100.00% Time: 666.0s
  Batch [1800/5278] Loss: 0.0256 Acc@1: 99.90% Acc@5: 100.00% Time: 704.2s
  Batch [1900/5278] Loss: 0.0256 Acc@1: 99.90% Acc@5: 100.00% Time: 744.3s
  Batch [2000/5278] Loss: 0.0256 Acc@1: 99.90% Acc@5: 100.00% Time: 784.2s
  Batch [2100/5278] Loss: 0.0255 Acc@1: 99.90% Acc@5: 100.00% Time: 824.1s
  Batch [2200/5278] Loss: 0.0255 Acc@1: 99.90% Acc@5: 100.00% Time: 862.8s
  Batch [2300/5278] Loss: 0.0254 Acc@1: 99.90% Acc@5: 100.00% Time: 902.1s
  Batch [2400/5278] Loss: 0.0253 Acc@1: 99.90% Acc@5: 100.00% Time: 940.9s
  Batch [2500/5278] Loss: 0.0253 Acc@1: 99.91% Acc@5: 100.00% Time: 979.6s
  Batch [2600/5278] Loss: 0.0252 Acc@1: 99.91% Acc@5: 100.00% Time: 1017.9s
  Batch [2700/5278] Loss: 0.0252 Acc@1: 99.91% Acc@5: 100.00% Time: 1057.2s
  Batch [2800/5278] Loss: 0.0251 Acc@1: 99.91% Acc@5: 100.00% Time: 1095.5s
  Batch [2900/5278] Loss: 0.0251 Acc@1: 99.91% Acc@5: 100.00% Time: 1135.1s
  Batch [3000/5278] Loss: 0.0251 Acc@1: 99.91% Acc@5: 100.00% Time: 1173.6s
  Batch [3100/5278] Loss: 0.0251 Acc@1: 99.91% Acc@5: 100.00% Time: 1212.5s
  Batch [3200/5278] Loss: 0.0251 Acc@1: 99.91% Acc@5: 100.00% Time: 1250.3s
  Batch [3300/5278] Loss: 0.0251 Acc@1: 99.91% Acc@5: 100.00% Time: 1290.7s
  Batch [3400/5278] Loss: 0.0251 Acc@1: 99.91% Acc@5: 100.00% Time: 1330.0s
  Batch [3500/5278] Loss: 0.0251 Acc@1: 99.91% Acc@5: 100.00% Time: 1369.3s
  Batch [3600/5278] Loss: 0.0251 Acc@1: 99.91% Acc@5: 100.00% Time: 1407.2s
  Batch [3700/5278] Loss: 0.0251 Acc@1: 99.91% Acc@5: 100.00% Time: 1446.6s
  Batch [3800/5278] Loss: 0.0250 Acc@1: 99.91% Acc@5: 100.00% Time: 1484.8s
  Batch [3900/5278] Loss: 0.0250 Acc@1: 99.91% Acc@5: 100.00% Time: 1524.4s
  Batch [4000/5278] Loss: 0.0249 Acc@1: 99.91% Acc@5: 100.00% Time: 1563.2s
  Batch [4100/5278] Loss: 0.0249 Acc@1: 99.91% Acc@5: 100.00% Time: 1602.7s
  Batch [4200/5278] Loss: 0.0249 Acc@1: 99.91% Acc@5: 100.00% Time: 1641.2s
  Batch [4300/5278] Loss: 0.0249 Acc@1: 99.91% Acc@5: 100.00% Time: 1680.8s
  Batch [4400/5278] Loss: 0.0249 Acc@1: 99.91% Acc@5: 100.00% Time: 1719.1s
  Batch [4500/5278] Loss: 0.0249 Acc@1: 99.91% Acc@5: 100.00% Time: 1758.6s
  Batch [4600/5278] Loss: 0.0249 Acc@1: 99.91% Acc@5: 100.00% Time: 1796.5s
  Batch [4700/5278] Loss: 0.0250 Acc@1: 99.91% Acc@5: 100.00% Time: 1835.6s
  Batch [4800/5278] Loss: 0.0250 Acc@1: 99.91% Acc@5: 100.00% Time: 1874.5s
  Batch [4900/5278] Loss: 0.0250 Acc@1: 99.91% Acc@5: 100.00% Time: 1914.1s
  Batch [5000/5278] Loss: 0.0250 Acc@1: 99.91% Acc@5: 100.00% Time: 1952.4s
  Batch [5100/5278] Loss: 0.0250 Acc@1: 99.91% Acc@5: 100.00% Time: 1991.8s
  Batch [5200/5278] Loss: 0.0250 Acc@1: 99.91% Acc@5: 100.00% Time: 2030.4s
  Train - Loss: 0.0251 Acc@1: 99.91% Acc@5: 100.00%
  Val   - Loss: 2.0338 Acc@1: 54.39% Acc@5: 81.37%

Training complete. Best accuracy: 56.69%
Job complete! Check if all 50 epochs finished. If not, resubmit this script.
